aFileChooser/build/outputs/logs/manifest-merger-release-report.txt
-- Merging decision tree log ---
manifest
ADDED from src\main\AndroidManifest.xml:17:2-24:12
INJECTED from src\main\AndroidManifest.xml:17:2-24:12
INJECTED from src\main\AndroidManifest.xml:17:2-24:12
	package
		ADDED from src\main\AndroidManifest.xml:18:5-40
		INJECTED from src\main\AndroidManifest.xml
		INJECTED from src\main\AndroidManifest.xml
	xmlns:android
		ADDED from src\main\AndroidManifest.xml:17:12-70
uses-sdk
ADDED from src\main\AndroidManifest.xml:20:5-22:41
INJECTED from src\main\AndroidManifest.xml:20:5-22:41
INJECTED from src\main\AndroidManifest.xml:20:5-22:41
INJECTED from src\main\AndroidManifest.xml:20:5-22:41
INJECTED from src\main\AndroidManifest.xml:20:5-22:41
	android:targetSdkVersion
		ADDED from src\main\AndroidManifest.xml:22:9-38
		INJECTED from src\main\AndroidManifest.xml
		INJECTED from src\main\AndroidManifest.xml
	android:minSdkVersion
		ADDED from src\main\AndroidManifest.xml:21:9-35
		INJECTED from src\main\AndroidManifest.xml
		INJECTED from src\main\AndroidManifest.xml